{"logTime": "0506/021922", "correlationVector":"zcaVS9d2c2K2wGj18uqrql.1","action":"SyncServerConnectionManagerRequest", "result":"SYNC_SERVER_OK", "context":{"environment":"Prod_SoutheastAsia_000j", "migrationStage":"NotStarted", "server":"GENERAL03000008"}}
{"logTime": "0506/021924", "correlationVector":"zcaVS9d2c2K2wGj18uqrql.2","action":"AAD.Mip.Unpack", "result":"Success", "context":MIP_CLOUD_COMMERCIAL:Success}
{"logTime": "0506/021924", "correlationVector":"zcaVS9d2c2K2wGj18uqrql.3","action":"AAD.GetKeyResponse", "result":"Success", "context":Keys=1.LastKeyStatus=Normal. 2024-04-02 20:42:41 +07.State=None. Tags: Current_encryption_keys_tag = 77+977+977+9ZhAiEe+/vSEw77+977+9AGw977+9Zx1cfu+/ve+/vWUe77+9TQvvv73vv73vv73vv704, Updated_current_encryption_keys_tag = Empty}
{"logTime": "0506/021924", "correlationVector":"zcaVS9d2c2K2wGj18uqrql","action":"Initial GetUpdates", "result":"", "context":Reason: NEW_CLIENT. cV=zcaVS9d2c2K2wGj18uqrql}
{"logTime": "0506/021924", "correlationVector":"zcaVS9d2c2K2wGj18uqrql.4","action":"GetUpdates Response", "result":"Success", "context":Received 1 update(s). cV=zcaVS9d2c2K2wGj18uqrql.0;server=GENERAL03000008;cloudType=Multitenant;environment=Prod_SoutheastAsia_000j;migrationStage=NotStarted}
{"logTime": "0506/021924", "correlationVector":"wPetS4MiEoX4uuammJu3TB","action":"Initial GetUpdates", "result":"", "context":Reason: NEW_CLIENT. cV=wPetS4MiEoX4uuammJu3TB}
{"logTime": "0506/021925", "correlationVector":"wPetS4MiEoX4uuammJu3TB.1","action":"SyncServerConnectionManagerRequest", "result":"SYNC_SERVER_OK", "context":{"environment":"Prod_SoutheastAsia_000j", "migrationStage":"NotStarted", "server":"GENERAL0100000F"}}
{"logTime": "0506/021925", "correlationVector":"wPetS4MiEoX4uuammJu3TB.2","action":"GetUpdates Response", "result":"Success", "context":Received 2 update(s). cV=wPetS4MiEoX4uuammJu3TB.0;server=GENERAL0100000F;cloudType=Multitenant;environment=Prod_SoutheastAsia_000j;migrationStage=NotStarted}
{"logTime": "0506/021925", "correlationVector":"9eFSrfocLfNjznVWT27geh","action":"Normal GetUpdate request", "result":"", "context":cV=9eFSrfocLfNjznVWT27geh
Nudged types: Device Info, User Consents
Refresh requested types: Device Info, User Consents, Send Tab To Self, Encryption Keys}
{"logTime": "0506/021925", "correlationVector":"9eFSrfocLfNjznVWT27geh.1","action":"SyncServerConnectionManagerRequest", "result":"SYNC_SERVER_OK", "context":{"environment":"Prod_SoutheastAsia_000j", "migrationStage":"NotStarted", "server":"GENERAL03000009"}}
{"logTime": "0506/021925", "correlationVector":"9eFSrfocLfNjznVWT27geh.2","action":"GetUpdates Response", "result":"Success", "context":Received 0 update(s). cV=9eFSrfocLfNjznVWT27geh.0;server=GENERAL03000009;cloudType=Multitenant;environment=Prod_SoutheastAsia_000j;migrationStage=NotStarted}
{"logTime": "0506/021925", "correlationVector":"kshkq6wpLQD8LHbtnpuqNI","action":"Commit Request", "result":"", "context":Item count: 2
Contributing types: Device Info, User Consents}
{"logTime": "0506/021925", "correlationVector":"kshkq6wpLQD8LHbtnpuqNI.1","action":"SyncServerConnectionManagerRequest", "result":"SYNC_SERVER_OK", "context":{"environment":"Prod_SoutheastAsia_000j", "migrationStage":"NotStarted", "server":"general03000007"}}
{"logTime": "0506/021925", "correlationVector":"kshkq6wpLQD8LHbtnpuqNI.2","action":"Commit Response", "result":"Success", "context":Result: Success. cV=kshkq6wpLQD8LHbtnpuqNI.0;server=general03000007;cloudType=Multitenant;environment=Prod_SoutheastAsia_000j;migrationStage=NotStarted}
{"logTime": "0506/021926", "correlationVector":"UYAgSA6eseKUi4xP2z+csK","action":"Normal GetUpdate request", "result":"", "context":cV=UYAgSA6eseKUi4xP2z+csK
Nudged types: Device Info}
{"logTime": "0506/021926", "correlationVector":"UYAgSA6eseKUi4xP2z+csK.1","action":"SyncServerConnectionManagerRequest", "result":"SYNC_SERVER_OK", "context":{"environment":"Prod_SoutheastAsia_000j", "migrationStage":"NotStarted", "server":"GENERAL0100000G"}}
{"logTime": "0506/021926", "correlationVector":"UYAgSA6eseKUi4xP2z+csK.2","action":"GetUpdates Response", "result":"Success", "context":Received 1 update(s). cV=UYAgSA6eseKUi4xP2z+csK.0;server=GENERAL0100000G;cloudType=Multitenant;environment=Prod_SoutheastAsia_000j;migrationStage=NotStarted}
{"logTime": "0506/022422", "correlationVector":"+uccUzCw72KsbNNKjXi2An","action":"Normal GetUpdate request", "result":"", "context":cV=+uccUzCw72KsbNNKjXi2An
Refresh requested types: Device Info, User Consents, Send Tab To Self, Encryption Keys}
{"logTime": "0506/022423", "correlationVector":"+uccUzCw72KsbNNKjXi2An.1","action":"SyncServerConnectionManagerRequest", "result":"SYNC_SERVER_OK", "context":{"environment":"Prod_SoutheastAsia_000j", "migrationStage":"NotStarted", "server":"GENERAL0300001C"}}
{"logTime": "0506/022423", "correlationVector":"+uccUzCw72KsbNNKjXi2An.2","action":"GetUpdates Response", "result":"Success", "context":Received 0 update(s). cV=+uccUzCw72KsbNNKjXi2An.0;server=GENERAL0300001C;cloudType=Multitenant;environment=Prod_SoutheastAsia_000j;migrationStage=NotStarted}
{"logTime": "0506/024723", "correlationVector":"uF8G0/dE2SQIVas4Z9Ou0V.1","action":"SyncServerConnectionManagerRequest", "result":"SYNC_SERVER_OK", "context":{"environment":"Prod_SoutheastAsia_000j", "migrationStage":"NotStarted", "server":"GENERAL0100001K"}}
{"logTime": "0506/024723", "correlationVector":"uF8G0/dE2SQIVas4Z9Ou0V.2","action":"AAD.Mip.Unpack", "result":"Fail", "context":MIP_CLOUD_COMMERCIAL:Network error}
{"logTime": "0506/024723", "correlationVector":"uF8G0/dE2SQIVas4Z9Ou0V.3","action":"AAD.GetKeyResponse", "result":"Fail", "context":Keys=-1.LastKeyStatus=.State=None. Tags: }
{"logTime": "0506/024803", "correlationVector":"pdtQ0Qu8OL9XBnd1rSFmCp.1","action":"SyncServerConnectionManagerRequest", "result":"SYNC_SERVER_OK", "context":{"environment":"Prod_SoutheastAsia_000j", "migrationStage":"NotStarted", "server":"general03000007"}}
{"logTime": "0506/024805", "correlationVector":"pdtQ0Qu8OL9XBnd1rSFmCp.2","action":"AAD.Mip.Unpack", "result":"Success", "context":MIP_CLOUD_COMMERCIAL:Success}
{"logTime": "0506/024805", "correlationVector":"pdtQ0Qu8OL9XBnd1rSFmCp.3","action":"AAD.GetKeyResponse", "result":"Success", "context":Keys=1.LastKeyStatus=Normal. 2024-04-02 20:42:41 +07.State=None. Tags: Current_encryption_keys_tag = 77+977+977+9ZhAiEe+/vSEw77+977+9AGw977+9Zx1cfu+/ve+/vWUe77+9TQvvv73vv73vv73vv704, Updated_current_encryption_keys_tag = Empty}
{"logTime": "0506/024805", "correlationVector":"uF8G0/dE2SQIVas4Z9Ou0V","action":"Initial GetUpdates", "result":"", "context":Reason: NEW_CLIENT. cV=uF8G0/dE2SQIVas4Z9Ou0V}
{"logTime": "0506/024805", "correlationVector":"uF8G0/dE2SQIVas4Z9Ou0V.4","action":"GetUpdates Response", "result":"Success", "context":Received 1 update(s). cV=uF8G0/dE2SQIVas4Z9Ou0V.0;server=GENERAL0100001K;cloudType=Multitenant;environment=Prod_SoutheastAsia_000j;migrationStage=NotStarted}
{"logTime": "0506/024805", "correlationVector":"pdtQ0Qu8OL9XBnd1rSFmCp","action":"Initial GetUpdates", "result":"", "context":Reason: NEW_CLIENT. cV=pdtQ0Qu8OL9XBnd1rSFmCp}
{"logTime": "0506/024805", "correlationVector":"pdtQ0Qu8OL9XBnd1rSFmCp.4","action":"GetUpdates Response", "result":"Success", "context":Received 0 update(s). cV=pdtQ0Qu8OL9XBnd1rSFmCp.0;server=general03000007;cloudType=Multitenant;environment=Prod_SoutheastAsia_000j;migrationStage=NotStarted}
{"logTime": "0506/024805", "correlationVector":"D2jXq9CVYHzhhNch/nhNNu","action":"Normal GetUpdate request", "result":"", "context":cV=D2jXq9CVYHzhhNch/nhNNu
Refresh requested types: Device Info, User Consents, Send Tab To Self, Encryption Keys}
{"logTime": "0506/024805", "correlationVector":"D2jXq9CVYHzhhNch/nhNNu.1","action":"SyncServerConnectionManagerRequest", "result":"SYNC_SERVER_OK", "context":{"environment":"Prod_SoutheastAsia_000j", "migrationStage":"NotStarted", "server":"general03000007"}}
{"logTime": "0506/024805", "correlationVector":"D2jXq9CVYHzhhNch/nhNNu.2","action":"GetUpdates Response", "result":"Success", "context":Received 0 update(s). cV=D2jXq9CVYHzhhNch/nhNNu.0;server=general03000007;cloudType=Multitenant;environment=Prod_SoutheastAsia_000j;migrationStage=NotStarted}
{"logTime": "0506/025206", "correlationVector":"kDtHyPDSAifGs8e71ENUdB","action":"Normal GetUpdate request", "result":"", "context":cV=kDtHyPDSAifGs8e71ENUdB
Refresh requested types: Device Info, User Consents, Send Tab To Self, Encryption Keys}
{"logTime": "0506/025206", "correlationVector":"kDtHyPDSAifGs8e71ENUdB.1","action":"SyncServerConnectionManagerRequest", "result":"SYNC_SERVER_OK", "context":{"environment":"Prod_SoutheastAsia_000j", "migrationStage":"NotStarted", "server":"GENERAL03000023"}}
{"logTime": "0506/025206", "correlationVector":"kDtHyPDSAifGs8e71ENUdB.2","action":"GetUpdates Response", "result":"Success", "context":Received 0 update(s). cV=kDtHyPDSAifGs8e71ENUdB.0;server=GENERAL03000023;cloudType=Multitenant;environment=Prod_SoutheastAsia_000j;migrationStage=NotStarted}
